[24-02-2025 12:17:01] [32mINFO[39m: [36mServer started on port 3000[39m
[24-02-2025 12:17:46] [32mINFO[39m: [36mServer started on port 3000[39m
[24-02-2025 12:17:47] [32mINFO[39m: [36mServer started on port 3000[39m
[24-02-2025 12:18:08] [32mINFO[39m: [36mServer started on port 3000[39m
[24-02-2025 12:18:11] [32mINFO[39m: [36mServer started on port 3000[39m
[24-02-2025 12:18:14] [32mINFO[39m: [36mServer started on port 3000[39m
[24-02-2025 12:21:26] [32mINFO[39m: [36mServer started on port 3000[39m
[24-02-2025 12:21:32] [32mINFO[39m: [36mServer started on port 3000[39m
[24-02-2025 12:24:59] [32mINFO[39m: [36mServer started on port 3000[39m
[24-02-2025 12:25:36] [32mINFO[39m: [36mServer started on port 3000[39m
[24-02-2025 12:25:41] [32mINFO[39m: [36mServer started on port 3000[39m
[24-02-2025 12:25:44] [32mINFO[39m: [36mServer started on port 3000[39m
[24-02-2025 12:26:53] [31mERROR[39m: [36mLogin error[39m
    error: {}
[24-02-2025 12:27:56] [32mINFO[39m: [36mServer started on port 3000[39m
[24-02-2025 12:28:00] [32mINFO[39m: [36mServer started on port 3000[39m
[24-02-2025 12:28:02] [32mINFO[39m: [36mServer started on port 3000[39m
[24-02-2025 12:28:09] [32mINFO[39m: [36mServer started on port 3000[39m
[24-02-2025 12:29:49] [32mINFO[39m: [36mServer started on port 3000[39m
[24-02-2025 12:29:53] [32mINFO[39m: [36mIncoming request[39m
    method: "POST"
    url: "/api/auth/login"
    ip: "::1"
[24-02-2025 12:29:53] [31mERROR[39m: [36mLogin error[39m
    error: {}
[24-02-2025 12:48:31] [32mINFO[39m: [36mServer started on port 3000[39m
[24-02-2025 12:48:47] [32mINFO[39m: [36mServer started on port 3000[39m
[24-02-2025 12:51:58] [32mINFO[39m: [36mServer started on port 3000[39m
[24-02-2025 12:52:16] [32mINFO[39m: [36mServer started on port 3000[39m
[24-02-2025 12:52:19] [32mINFO[39m: [36mServer started on port 3000[39m
[24-02-2025 12:52:36] [32mINFO[39m: [36mServer started on port 3000[39m
[24-02-2025 12:52:38] [32mINFO[39m: [36mServer started on port 3000[39m
[24-02-2025 12:52:53] [32mINFO[39m: [36mServer started on port 3000[39m
[24-02-2025 12:53:20] [32mINFO[39m: [36mServer started on port 3000[39m
[24-02-2025 12:54:00] [32mINFO[39m: [36mServer started on port 3000[39m
[24-02-2025 12:55:11] [32mINFO[39m: [36mIncoming request[39m
    method: "POST"
    url: "/api/auth/login"
    ip: "::1"
[24-02-2025 12:55:11] [31mERROR[39m: [36mLogin error[39m
    error: {}
[24-02-2025 12:56:02] [32mINFO[39m: [36mIncoming request[39m
    method: "POST"
    url: "/api/auth/login"
    ip: "::1"
[24-02-2025 12:56:02] [31mERROR[39m: [36mLogin error[39m
    error: {}
[24-02-2025 12:56:18] [32mINFO[39m: [36mServer started on port 3000[39m
[24-02-2025 12:56:20] [32mINFO[39m: [36mServer started on port 3000[39m
[24-02-2025 12:56:27] [32mINFO[39m: [36mServer started on port 3000[39m
[24-02-2025 12:56:35] [32mINFO[39m: [36mServer started on port 3000[39m
[24-02-2025 12:56:38] [32mINFO[39m: [36mServer started on port 3000[39m
[24-02-2025 12:56:40] [32mINFO[39m: [36mServer started on port 3000[39m
[24-02-2025 12:56:43] [32mINFO[39m: [36mServer started on port 3000[39m
[24-02-2025 12:56:58] [32mINFO[39m: [36mUser logged in successfully[39m
    email: "mackay01@outlook.com"
    userId: 1
[24-02-2025 13:00:30] [32mINFO[39m: [36mServer started on port 3000[39m
[24-02-2025 13:25:54] [32mINFO[39m: [36mServer started on port 3000[39m
[24-02-2025 13:28:25] [32mINFO[39m: [36mUser logged in successfully[39m
    email: "mackay01@outlook.com"
    userId: 1
[24-02-2025 13:41:29] [32mINFO[39m: [36mServer started on port 3000[39m
[24-02-2025 13:41:32] [32mINFO[39m: [36mUser logged in successfully[39m
    email: "mackay01@outlook.com"
    userId: 1
[24-02-2025 13:41:39] [32mINFO[39m: [36mUser logged in successfully[39m
    email: "mackay01@outlook.com"
    userId: 1
[24-02-2025 13:41:53] [32mINFO[39m: [36mServer started on port 3000[39m
[24-02-2025 13:43:56] [32mINFO[39m: [36mServer started on port 3000[39m
[24-02-2025 13:44:02] [32mINFO[39m: [36mServer started on port 3000[39m
[24-02-2025 13:44:07] [32mINFO[39m: [36mServer started on port 3000[39m
[24-02-2025 13:44:12] [32mINFO[39m: [36mServer started on port 3000[39m
[24-02-2025 13:44:17] [32mINFO[39m: [36mServer started on port 3000[39m
[24-02-2025 13:44:24] [32mINFO[39m: [36mServer started on port 3000[39m
[24-02-2025 13:47:36] [32mINFO[39m: [36mServer started on port 3000[39m
[24-02-2025 13:47:43] [32mINFO[39m: [36mServer started on port 3000[39m
[24-02-2025 13:47:47] [32mINFO[39m: [36mServer started on port 3000[39m
[24-02-2025 13:47:51] [32mINFO[39m: [36mServer started on port 3000[39m
[24-02-2025 13:47:56] [32mINFO[39m: [36mServer started on port 3000[39m
[24-02-2025 13:48:43] [32mINFO[39m: [36mServer started on port 3000[39m
[24-02-2025 13:49:10] [32mINFO[39m: [36mServer started on port 3000[39m
[24-02-2025 13:49:17] [32mINFO[39m: [36mServer started on port 3000[39m
[24-02-2025 13:50:06] [32mINFO[39m: [36mServer started on port 3000[39m
[24-02-2025 13:50:54] [32mINFO[39m: [36mServer started on port 3000[39m
[24-02-2025 13:50:56] [32mINFO[39m: [36mServer started on port 3000[39m
[24-02-2025 13:51:01] [32mINFO[39m: [36mServer started on port 3000[39m
[24-02-2025 13:51:25] [32mINFO[39m: [36mServer started on port 3000[39m
[24-02-2025 13:51:31] [32mINFO[39m: [36mServer started on port 3000[39m
[24-02-2025 13:51:40] [32mINFO[39m: [36mServer started on port 3000[39m
[24-02-2025 13:53:06] [32mINFO[39m: [36mServer started on port 3000[39m
[24-02-2025 13:54:06] [32mINFO[39m: [36mServer started on port 3000[39m
[24-02-2025 14:01:57] [32mINFO[39m: [36mServer started on port 3000[39m
[24-02-2025 14:03:25] [32mINFO[39m: [36mServer started on port 3000[39m
[24-02-2025 14:03:55] [32mINFO[39m: [36mServer started on port 3000[39m
[24-02-2025 14:04:00] [32mINFO[39m: [36mServer started on port 3000[39m
[24-02-2025 14:05:13] [32mINFO[39m: [36mServer started on port 3000[39m
[24-02-2025 14:06:39] [32mINFO[39m: [36mServer started on port 3000[39m
[24-02-2025 14:06:46] [32mINFO[39m: [36mServer started on port 3000[39m
[24-02-2025 14:07:00] [32mINFO[39m: [36mServer started on port 3000[39m
[24-02-2025 14:08:24] [32mINFO[39m: [36mServer started on port 3000[39m
[24-02-2025 14:08:29] [32mINFO[39m: [36mServer started on port 3000[39m
[24-02-2025 14:08:41] [32mINFO[39m: [36mServer started on port 3000[39m
[24-02-2025 14:08:44] [32mINFO[39m: [36mServer started on port 3000[39m
[24-02-2025 14:09:08] [32mINFO[39m: [36mServer started on port 3000[39m
[24-02-2025 14:09:11] [32mINFO[39m: [36mServer started on port 3000[39m
[24-02-2025 14:09:56] [32mINFO[39m: [36mServer started on port 3000[39m
[24-02-2025 14:10:19] [32mINFO[39m: [36mServer started on port 3000[39m
[24-02-2025 14:10:23] [32mINFO[39m: [36mServer started on port 3000[39m
[24-02-2025 14:10:51] [32mINFO[39m: [36mServer started on port 3000[39m
[24-02-2025 14:10:53] [32mINFO[39m: [36mServer started on port 3000[39m
[24-02-2025 14:10:56] [32mINFO[39m: [36mServer started on port 3000[39m
[24-02-2025 14:11:47] [32mINFO[39m: [36mServer started on port 3000[39m
[24-02-2025 14:12:35] [32mINFO[39m: [36mServer started on port 3000[39m
[24-02-2025 14:12:38] [32mINFO[39m: [36mServer started on port 3000[39m
[24-02-2025 14:12:44] [32mINFO[39m: [36mServer started on port 3000[39m
[24-02-2025 14:12:50] [32mINFO[39m: [36mServer started on port 3000[39m
[24-02-2025 14:13:14] [32mINFO[39m: [36mServer started on port 3000[39m
[24-02-2025 14:13:51] [32mINFO[39m: [36mServer started on port 3000[39m
[24-02-2025 14:13:54] [32mINFO[39m: [36mServer started on port 3000[39m
[24-02-2025 14:14:14] [32mINFO[39m: [36mServer started on port 3000[39m
[24-02-2025 14:14:16] [32mINFO[39m: [36mServer started on port 3000[39m
[24-02-2025 14:14:21] [32mINFO[39m: [36mServer started on port 3000[39m
[24-02-2025 14:14:25] [32mINFO[39m: [36mServer started on port 3000[39m
[24-02-2025 14:14:29] [32mINFO[39m: [36mServer started on port 3000[39m
[24-02-2025 14:14:34] [32mINFO[39m: [36mServer started on port 3000[39m
[24-02-2025 14:14:55] [32mINFO[39m: [36mServer started on port 3000[39m
[24-02-2025 14:14:57] [32mINFO[39m: [36mServer started on port 3000[39m
[24-02-2025 14:41:34] [32mINFO[39m: [36mServer started on port 3000[39m
[24-02-2025 14:42:42] [32mINFO[39m: [36mServer started on port 3000[39m
[24-02-2025 14:43:12] [32mINFO[39m: [36mServer started on port 3000[39m
[24-02-2025 14:45:04] [32mINFO[39m: [36mServer started on port 3000[39m
[24-02-2025 14:45:06] [32mINFO[39m: [36mServer started on port 3000[39m
[24-02-2025 14:45:29] [32mINFO[39m: [36mServer started on port 3000[39m
[24-02-2025 14:46:03] [32mINFO[39m: [36mServer started on port 3000[39m
[24-02-2025 14:46:22] [32mINFO[39m: [36mServer started on port 3000[39m
[24-02-2025 14:48:02] [32mINFO[39m: [36mServer started on port 3000[39m
[24-02-2025 14:48:07] [32mINFO[39m: [36mServer started on port 3000[39m
[24-02-2025 14:48:09] [32mINFO[39m: [36mServer started on port 3000[39m
[24-02-2025 14:48:19] [32mINFO[39m: [36mServer started on port 3000[39m
[24-02-2025 14:48:31] [32mINFO[39m: [36mServer started on port 3000[39m
[24-02-2025 14:48:45] [32mINFO[39m: [36mServer started on port 3000[39m
[24-02-2025 14:48:53] [32mINFO[39m: [36mServer started on port 3000[39m
[24-02-2025 14:49:15] [32mINFO[39m: [36mServer started on port 3000[39m
[24-02-2025 14:49:22] [32mINFO[39m: [36mServer started on port 3000[39m
[24-02-2025 14:49:26] [32mINFO[39m: [36mServer started on port 3000[39m
[24-02-2025 14:49:39] [32mINFO[39m: [36mServer started on port 3000[39m
[24-02-2025 14:49:44] [32mINFO[39m: [36mServer started on port 3000[39m
[24-02-2025 14:50:03] [32mINFO[39m: [36mServer started on port 3000[39m
[24-02-2025 14:50:11] [32mINFO[39m: [36mServer started on port 3000[39m
[24-02-2025 14:50:16] [32mINFO[39m: [36mServer started on port 3000[39m
[24-02-2025 14:50:27] [32mINFO[39m: [36mServer started on port 3000[39m
[24-02-2025 14:50:29] [32mINFO[39m: [36mServer started on port 3000[39m
[24-02-2025 14:50:43] [32mINFO[39m: [36mServer started on port 3000[39m
[24-02-2025 14:50:46] [32mINFO[39m: [36mServer started on port 3000[39m
[24-02-2025 14:51:08] [32mINFO[39m: [36mServer started on port 3000[39m
[24-02-2025 14:51:10] [32mINFO[39m: [36mServer started on port 3000[39m
[24-02-2025 14:51:12] [32mINFO[39m: [36mServer started on port 3000[39m
[24-02-2025 14:51:15] [32mINFO[39m: [36mServer started on port 3000[39m
[24-02-2025 14:51:27] [32mINFO[39m: [36mServer started on port 3000[39m
[24-02-2025 14:54:06] [32mINFO[39m: [36mServer started on port 3000[39m
[24-02-2025 14:54:10] [32mINFO[39m: [36mServer started on port 3000[39m
[24-02-2025 14:54:11] [32mINFO[39m: [36mServer started on port 3000[39m
[24-02-2025 14:55:09] [32mINFO[39m: [36mServer started on port 3000[39m
[24-02-2025 14:55:21] [32mINFO[39m: [36mServer started on port 3000[39m
[24-02-2025 14:55:29] [32mINFO[39m: [36mServer started on port 3000[39m
[24-02-2025 14:55:36] [32mINFO[39m: [36mServer started on port 3000[39m
[24-02-2025 14:55:43] [32mINFO[39m: [36mServer started on port 3000[39m
[24-02-2025 14:55:47] [32mINFO[39m: [36mServer started on port 3000[39m
[24-02-2025 14:56:38] [32mINFO[39m: [36mServer started on port 3000[39m
[24-02-2025 14:56:46] [32mINFO[39m: [36mServer started on port 3000[39m
[24-02-2025 15:04:19] [32mINFO[39m: [36mServer started on port 3000[39m
[24-02-2025 15:11:04] [32mINFO[39m: [36mServer started on port 3000[39m
[24-02-2025 15:11:35] [32mINFO[39m: [36mServer started on port 3000[39m
[24-02-2025 15:12:16] [32mINFO[39m: [36mServer started on port 3000[39m
[24-02-2025 15:12:19] [32mINFO[39m: [36mServer started on port 3000[39m
[24-02-2025 15:13:59] [32mINFO[39m: [36mServer started on port 3000[39m
[24-02-2025 15:14:04] [32mINFO[39m: [36mServer started on port 3000[39m
[24-02-2025 15:14:28] [32mINFO[39m: [36mServer started on port 3000[39m
[24-02-2025 15:14:49] [32mINFO[39m: [36mServer started on port 3000[39m
[24-02-2025 15:15:16] [32mINFO[39m: [36mServer started on port 3000[39m
[24-02-2025 15:16:04] [32mINFO[39m: [36mServer started on port 3000[39m
[24-02-2025 15:16:14] [32mINFO[39m: [36mServer started on port 3000[39m
[24-02-2025 15:16:47] [32mINFO[39m: [36mServer started on port 3000[39m
[24-02-2025 15:22:04] [32mINFO[39m: [36mServer started on port 3000[39m
[24-02-2025 15:22:49] [32mINFO[39m: [36mServer started on port 3000[39m
[24-02-2025 15:22:51] [32mINFO[39m: [36mServer started on port 3000[39m
[24-02-2025 15:22:54] [32mINFO[39m: [36mServer started on port 3000[39m
[24-02-2025 15:24:17] [32mINFO[39m: [36mServer started on port 3000[39m
[24-02-2025 15:24:22] [32mINFO[39m: [36mServer started on port 3000[39m
[24-02-2025 15:24:23] [32mINFO[39m: [36mServer started on port 3000[39m
[24-02-2025 15:24:33] [32mINFO[39m: [36mServer started on port 3000[39m
[24-02-2025 15:24:44] [32mINFO[39m: [36mServer started on port 3000[39m
[24-02-2025 15:24:48] [32mINFO[39m: [36mServer started on port 3000[39m
[24-02-2025 15:24:52] [32mINFO[39m: [36mServer started on port 3000[39m
[24-02-2025 15:24:53] [32mINFO[39m: [36mServer started on port 3000[39m
[24-02-2025 15:25:20] [32mINFO[39m: [36mServer started on port 3000[39m
[24-02-2025 15:25:21] [32mINFO[39m: [36mServer started on port 3000[39m
[24-02-2025 15:25:25] [32mINFO[39m: [36mServer started on port 3000[39m
[24-02-2025 15:25:26] [32mINFO[39m: [36mServer started on port 3000[39m
[24-02-2025 15:25:29] [32mINFO[39m: [36mServer started on port 3000[39m
[24-02-2025 15:26:12] [32mINFO[39m: [36mServer started on port 3000[39m
[24-02-2025 15:26:14] [32mINFO[39m: [36mServer started on port 3000[39m
[24-02-2025 15:26:42] [32mINFO[39m: [36mServer started on port 3000[39m
[24-02-2025 15:27:06] [32mINFO[39m: [36mServer started on port 3000[39m
[24-02-2025 15:27:09] [32mINFO[39m: [36mServer started on port 3000[39m
[24-02-2025 15:27:11] [32mINFO[39m: [36mServer started on port 3000[39m
[24-02-2025 15:27:14] [32mINFO[39m: [36mServer started on port 3000[39m
[24-02-2025 15:27:54] [32mINFO[39m: [36mServer started on port 3000[39m
[24-02-2025 15:30:02] [32mINFO[39m: [36mServer started on port 3000[39m
[24-02-2025 15:30:28] [32mINFO[39m: [36mServer started on port 3000[39m
[24-02-2025 15:31:16] [32mINFO[39m: [36mServer started on port 3000[39m
[24-02-2025 15:32:49] [32mINFO[39m: [36mServer started on port 3000[39m
[24-02-2025 15:34:04] [32mINFO[39m: [36mServer started on port 3000[39m
[24-02-2025 15:34:12] [32mINFO[39m: [36mServer started on port 3000[39m
[24-02-2025 15:35:39] [32mINFO[39m: [36mServer started on port 3000[39m
[24-02-2025 15:35:42] [32mINFO[39m: [36mServer started on port 3000[39m
[24-02-2025 15:35:44] [32mINFO[39m: [36mServer started on port 3000[39m
[24-02-2025 15:37:58] [32mINFO[39m: [36mServer started on port 3000[39m
[24-02-2025 15:38:00] [32mINFO[39m: [36mServer started on port 3000[39m
[24-02-2025 15:42:26] [32mINFO[39m: [36mServer started on port 3000[39m
[24-02-2025 15:43:14] [32mINFO[39m: [36mServer started on port 3000[39m
[24-02-2025 15:43:22] [32mINFO[39m: [36mServer started on port 3000[39m
[24-02-2025 15:43:25] [32mINFO[39m: [36mServer started on port 3000[39m
[24-02-2025 15:43:30] [32mINFO[39m: [36mServer started on port 3000[39m
[24-02-2025 15:43:33] [32mINFO[39m: [36mServer started on port 3000[39m
[24-02-2025 15:43:41] [32mINFO[39m: [36mServer started on port 3000[39m
[24-02-2025 15:43:44] [32mINFO[39m: [36mServer started on port 3000[39m
[24-02-2025 15:43:45] [32mINFO[39m: [36mServer started on port 3000[39m
[24-02-2025 15:43:47] [32mINFO[39m: [36mServer started on port 3000[39m
[24-02-2025 15:43:56] [32mINFO[39m: [36mServer started on port 3000[39m
[24-02-2025 15:44:00] [32mINFO[39m: [36mServer started on port 3000[39m
[24-02-2025 15:44:04] [32mINFO[39m: [36mServer started on port 3000[39m
[24-02-2025 15:44:07] [32mINFO[39m: [36mServer started on port 3000[39m
[24-02-2025 15:44:19] [32mINFO[39m: [36mServer started on port 3000[39m
[24-02-2025 15:44:23] [32mINFO[39m: [36mServer started on port 3000[39m
[24-02-2025 15:44:29] [32mINFO[39m: [36mServer started on port 3000[39m
[24-02-2025 15:44:32] [32mINFO[39m: [36mServer started on port 3000[39m
[24-02-2025 15:44:36] [32mINFO[39m: [36mServer started on port 3000[39m
[24-02-2025 15:44:39] [32mINFO[39m: [36mServer started on port 3000[39m
[24-02-2025 15:44:40] [32mINFO[39m: [36mServer started on port 3000[39m
[24-02-2025 15:44:43] [32mINFO[39m: [36mServer started on port 3000[39m
[24-02-2025 15:44:48] [32mINFO[39m: [36mServer started on port 3000[39m
[24-02-2025 15:44:52] [32mINFO[39m: [36mServer started on port 3000[39m
[24-02-2025 15:44:55] [32mINFO[39m: [36mServer started on port 3000[39m
[24-02-2025 15:45:00] [32mINFO[39m: [36mServer started on port 3000[39m
[24-02-2025 15:45:03] [32mINFO[39m: [36mServer started on port 3000[39m
[24-02-2025 15:45:11] [32mINFO[39m: [36mServer started on port 3000[39m
[24-02-2025 15:45:13] [32mINFO[39m: [36mServer started on port 3000[39m
[24-02-2025 15:45:18] [32mINFO[39m: [36mServer started on port 3000[39m
[24-02-2025 15:45:25] [32mINFO[39m: [36mServer started on port 3000[39m
[24-02-2025 15:45:34] [32mINFO[39m: [36mServer started on port 3000[39m
[24-02-2025 15:45:36] [32mINFO[39m: [36mServer started on port 3000[39m
[24-02-2025 15:47:22] [32mINFO[39m: [36mServer started on port 3000[39m
[24-02-2025 15:54:49] [32mINFO[39m: [36mServer started on port 3000[39m
[24-02-2025 15:54:54] [32mINFO[39m: [36mServer started on port 3000[39m
[24-02-2025 15:55:06] [32mINFO[39m: [36mServer started on port 3000[39m
[24-02-2025 15:55:34] [32mINFO[39m: [36mServer started on port 3000[39m
[24-02-2025 16:04:07] [32mINFO[39m: [36mServer started on port 3000[39m
[25-02-2025 08:03:09] [32mINFO[39m: [36mServer started on port 3000[39m
[25-02-2025 08:44:20] [32mINFO[39m: [36mServer started on port 3000[39m
[25-02-2025 08:48:18] [32mINFO[39m: [36mServer started on port 3000[39m
[25-02-2025 08:48:24] [32mINFO[39m: [36mServer started on port 3000[39m
[25-02-2025 08:48:32] [32mINFO[39m: [36mServer started on port 3000[39m
[25-02-2025 08:48:35] [32mINFO[39m: [36mServer started on port 3000[39m
[25-02-2025 14:47:53] [32mINFO[39m: [36mServer started on port 3000[39m
[25-02-2025 15:01:48] [32mINFO[39m: [36mServer started on port 3000[39m
[25-02-2025 15:01:57] [32mINFO[39m: [36mServer started on port 3000[39m
[25-02-2025 15:02:58] [32mINFO[39m: [36mServer started on port 3000[39m
[25-02-2025 15:03:04] [32mINFO[39m: [36mServer started on port 3000[39m
[25-02-2025 15:04:11] [32mINFO[39m: [36mServer started on port 3000[39m
[25-02-2025 15:04:17] [32mINFO[39m: [36mServer started on port 3000[39m
[25-02-2025 15:04:21] [32mINFO[39m: [36mServer started on port 3000[39m
[25-02-2025 15:05:39] [32mINFO[39m: [36mServer started on port 3000[39m
[25-02-2025 15:07:09] [32mINFO[39m: [36mServer started on port 3000[39m
[25-02-2025 15:07:33] [32mINFO[39m: [36mServer started on port 3000[39m
[25-02-2025 15:18:36] [32mINFO[39m: [36mServer started on port 3000[39m
[25-02-2025 15:24:08] [32mINFO[39m: [36mServer started on port 3000[39m
[25-02-2025 15:24:35] [32mINFO[39m: [36mServer started on port 3000[39m
[25-02-2025 15:24:38] [32mINFO[39m: [36mServer started on port 3000[39m
[25-02-2025 15:31:11] [32mINFO[39m: [36mServer started on port 3000[39m
[25-02-2025 15:31:24] [32mINFO[39m: [36mServer started on port 3000[39m
[25-02-2025 15:33:48] [32mINFO[39m: [36mServer started on port 3000[39m
[25-02-2025 15:34:36] [32mINFO[39m: [36mServer started on port 3000[39m
[25-02-2025 15:34:40] [32mINFO[39m: [36mServer started on port 3000[39m
[25-02-2025 15:35:11] [32mINFO[39m: [36mServer started on port 3000[39m
[25-02-2025 15:35:17] [32mINFO[39m: [36mServer started on port 3000[39m
[25-02-2025 15:36:33] [32mINFO[39m: [36mServer started on port 3000[39m
[25-02-2025 15:36:37] [32mINFO[39m: [36mServer started on port 3000[39m
[25-02-2025 15:37:50] [32mINFO[39m: [36mServer started on port 3000[39m
[25-02-2025 15:38:45] [32mINFO[39m: [36mServer started on port 3000[39m
[25-02-2025 16:05:34] [32mINFO[39m: [36mServer started on port 3000[39m
[25-02-2025 16:21:20] [32mINFO[39m: [36mServer started on port 3000[39m
[25-02-2025 16:22:05] [32mINFO[39m: [36mServer started on port 3000[39m
[25-02-2025 17:28:05] [32mINFO[39m: [36mServer started on port 3000[39m
[25-02-2025 17:28:40] [32mINFO[39m: [36mServer started on port 3000[39m
[25-02-2025 17:29:32] [32mINFO[39m: [36mServer started on port 3000[39m
[25-02-2025 17:29:37] [32mINFO[39m: [36mServer started on port 3000[39m
[25-02-2025 17:30:10] [32mINFO[39m: [36mServer started on port 3000[39m
[25-02-2025 17:30:19] [32mINFO[39m: [36mServer started on port 3000[39m
[25-02-2025 17:30:25] [32mINFO[39m: [36mServer started on port 3000[39m
[26-02-2025 06:47:18] [32mINFO[39m: [36mServer started on port 3000[39m
[26-02-2025 06:52:06] [32mINFO[39m: [36mServer started on port 3000[39m
[26-02-2025 10:58:20] [32mINFO[39m: [36mServer started on port 3000[39m
[26-02-2025 11:04:41] [32mINFO[39m: [36mServer started on port 3000[39m
[26-02-2025 11:19:56] [32mINFO[39m: [36mServer started on port 3000[39m
[26-02-2025 11:23:55] [32mINFO[39m: [36mServer started on port 3000[39m
[26-02-2025 11:24:26] [32mINFO[39m: [36mServer started on port 3000[39m
[26-02-2025 11:25:03] [32mINFO[39m: [36mServer started on port 3000[39m
[26-02-2025 11:28:35] [32mINFO[39m: [36mServer started on port 3000[39m
[26-02-2025 11:31:57] [32mINFO[39m: [36mServer started on port 3000[39m
[26-02-2025 11:33:16] [32mINFO[39m: [36mServer started on port 3000[39m
[26-02-2025 11:34:52] [32mINFO[39m: [36mServer started on port 3000[39m
[26-02-2025 11:40:41] [32mINFO[39m: [36mServer started on port 3000[39m
[26-02-2025 11:40:50] [32mINFO[39m: [36mServer started on port 3000[39m
[26-02-2025 11:41:12] [32mINFO[39m: [36mServer started on port 3000[39m
[26-02-2025 11:48:25] [32mINFO[39m: [36mServer started on port 3000[39m
[26-02-2025 11:50:02] [32mINFO[39m: [36mServer started on port 3000[39m
[26-02-2025 11:50:09] [32mINFO[39m: [36mServer started on port 3000[39m
[26-02-2025 12:16:34] [32mINFO[39m: [36mServer started on port 3000[39m
[26-02-2025 12:17:03] [32mINFO[39m: [36mServer started on port 3000[39m
[26-02-2025 12:17:06] [32mINFO[39m: [36mServer started on port 3000[39m
[26-02-2025 12:17:22] [32mINFO[39m: [36mServer started on port 3000[39m
[26-02-2025 12:17:25] [32mINFO[39m: [36mServer started on port 3000[39m
[26-02-2025 12:28:03] [32mINFO[39m: [36mServer started on port 3000[39m
[26-02-2025 12:47:58] [32mINFO[39m: [36mServer started on port 3000[39m
